  Database.cpp
C:\DEV\vcpkg\installed\x64-windows\include\crow\query_string.h(117,37): warning C4267: '=': conversion from 'size_t' to 'int', possible loss of data
C:\DEV\vcpkg\installed\x64-windows\include\crow\query_string.h(370,1): warning C4267: 'argument': conversion from 'size_t' to 'int', possible loss of data
C:\DEV\vcpkg\installed\x64-windows\include\crow\query_string.h(406,1): warning C4267: 'argument': conversion from 'size_t' to 'int', possible loss of data
C:\DEV\vcpkg\installed\x64-windows\include\crow\query_string.h(445,1): warning C4267: 'argument': conversion from 'size_t' to 'int', possible loss of data
C:\DEV\vcpkg\installed\x64-windows\include\crow\utility.h(672,1): warning C4267: 'initializing': conversion from 'size_t' to 'unsigned int', possible loss of data
C:\DEV\vcpkg\installed\x64-windows\include\crow\http_parser_merged.h(589,32): warning C4244: '=': conversion from '__int64' to 'unsigned long', possible loss of data
C:\DEV\vcpkg\installed\x64-windows\include\crow\http_parser_merged.h(609,32): warning C4244: '=': conversion from '__int64' to 'unsigned long', possible loss of data
  Please define _WIN32_WINNT or _WIN32_WINDOWS appropriately. For example:
  - add -D_WIN32_WINNT=0x0601 to the compiler command line; or
  - add _WIN32_WINNT=0x0601 to your project's Preprocessor Definitions.
  Assuming _WIN32_WINNT=0x0601 (i.e. Windows 7 target).
C:\DEV\vcpkg\installed\x64-windows\include\crow\json.h(1211,39): warning C4267: 'argument': conversion from 'size_t' to 'uint32_t', possible loss of data
C:\DEV\vcpkg\installed\x64-windows\include\crow\json.h(1671,1): warning C4267: 'return': conversion from 'size_t' to 'int', possible loss of data
C:\DEV\vcpkg\installed\x64-windows\include\crow\mustache.h(97,1): warning C4267: 'initializing': conversion from 'size_t' to 'int', possible loss of data
C:\DEV\vcpkg\installed\x64-windows\include\crow\mustache.h(116,1): warning C4267: '=': conversion from 'size_t' to 'int', possible loss of data
C:\DEV\vcpkg\installed\x64-windows\include\crow\mustache.h(118,1): warning C4267: 'argument': conversion from 'size_t' to '_Ty', possible loss of data
          with
          [
              _Ty=int
          ]
C:\DEV\vcpkg\installed\x64-windows\include\crow\mustache.h(221,1): warning C4267: 'argument': conversion from 'size_t' to 'int', possible loss of data
C:\DEV\vcpkg\installed\x64-windows\include\crow\mustache.h(367,1): warning C4267: 'argument': conversion from 'size_t' to 'int', possible loss of data
C:\DEV\vcpkg\installed\x64-windows\include\crow\mustache.h(378,1): warning C4267: 'argument': conversion from 'size_t' to 'int', possible loss of data
C:\DEV\vcpkg\installed\x64-windows\include\crow\mustache.h(390,1): warning C4267: 'argument': conversion from 'size_t' to 'int', possible loss of data
C:\DEV\vcpkg\installed\x64-windows\include\crow\mustache.h(401,1): warning C4267: 'argument': conversion from 'size_t' to 'int', possible loss of data
C:\DEV\vcpkg\installed\x64-windows\include\crow\mustache.h(463,1): warning C4267: '=': conversion from 'size_t' to 'int', possible loss of data
C:\DEV\vcpkg\installed\x64-windows\include\crow\mustache.h(563,1): warning C4267: 'initializing': conversion from 'size_t' to 'int', possible loss of data
C:\DEV\vcpkg\installed\x64-windows\include\crow\routing.h(864,1): warning C4267: 'argument': conversion from 'size_t' to 'unsigned int', possible loss of data
C:\DEV\vcpkg\installed\x64-windows\include\crow\routing.h(880,1): warning C4267: 'argument': conversion from 'size_t' to 'unsigned int', possible loss of data
C:\DEV\vcpkg\installed\x64-windows\include\crow\routing.h(895,1): warning C4267: 'argument': conversion from 'size_t' to 'unsigned int', possible loss of data
C:\DEV\vcpkg\installed\x64-windows\include\crow\routing.h(945,1): warning C4267: '+=': conversion from 'size_t' to 'unsigned int', possible loss of data
C:\DEV\vcpkg\installed\x64-windows\include\crow\routing.h(956,1): warning C4267: '+=': conversion from 'size_t' to 'unsigned int', possible loss of data
C:\DEV\vcpkg\installed\x64-windows\include\crow\routing.h(1002,1): warning C4267: '+=': conversion from 'size_t' to 'unsigned int', possible loss of data
C:\DEV\vcpkg\installed\x64-windows\include\crow\routing.h(1005,1): warning C4267: '+=': conversion from 'size_t' to 'unsigned int', possible loss of data
C:\DEV\vcpkg\installed\x64-windows\include\crow\routing.h(1204,1): warning C4267: 'argument': conversion from 'size_t' to 'unsigned int', possible loss of data
C:\DEV\vcpkg\installed\x64-windows\include\crow\routing.h(1204,1): warning C4267: 'argument': conversion from 'size_t' to 'uint16_t', possible loss of data
C:\DEV\vcpkg\installed\x64-windows\include\crow\routing.h(1210,1): warning C4267: 'argument': conversion from 'size_t' to 'unsigned int', possible loss of data
C:\DEV\vcpkg\installed\x64-windows\include\crow\routing.h(1259,1): warning C4267: 'argument': conversion from 'size_t' to 'unsigned int', possible loss of data
C:\DEV\vcpkg\installed\x64-windows\include\crow\routing.h(1420,1): warning C4267: 'initializing': conversion from 'size_t' to 'int', possible loss of data
  Game.cpp
C:\DEV\vcpkg\installed\x64-windows\include\crow\query_string.h(117,37): warning C4267: '=': conversion from 'size_t' to 'int', possible loss of data
C:\DEV\vcpkg\installed\x64-windows\include\crow\query_string.h(370,1): warning C4267: 'argument': conversion from 'size_t' to 'int', possible loss of data
C:\DEV\vcpkg\installed\x64-windows\include\crow\query_string.h(406,1): warning C4267: 'argument': conversion from 'size_t' to 'int', possible loss of data
C:\DEV\vcpkg\installed\x64-windows\include\crow\query_string.h(445,1): warning C4267: 'argument': conversion from 'size_t' to 'int', possible loss of data
C:\DEV\vcpkg\installed\x64-windows\include\crow\utility.h(672,1): warning C4267: 'initializing': conversion from 'size_t' to 'unsigned int', possible loss of data
C:\DEV\vcpkg\installed\x64-windows\include\crow\http_parser_merged.h(589,32): warning C4244: '=': conversion from '__int64' to 'unsigned long', possible loss of data
C:\DEV\vcpkg\installed\x64-windows\include\crow\http_parser_merged.h(609,32): warning C4244: '=': conversion from '__int64' to 'unsigned long', possible loss of data
  Please define _WIN32_WINNT or _WIN32_WINDOWS appropriately. For example:
  - add -D_WIN32_WINNT=0x0601 to the compiler command line; or
  - add _WIN32_WINNT=0x0601 to your project's Preprocessor Definitions.
  Assuming _WIN32_WINNT=0x0601 (i.e. Windows 7 target).
C:\DEV\vcpkg\installed\x64-windows\include\crow\json.h(1211,39): warning C4267: 'argument': conversion from 'size_t' to 'uint32_t', possible loss of data
C:\DEV\vcpkg\installed\x64-windows\include\crow\json.h(1671,1): warning C4267: 'return': conversion from 'size_t' to 'int', possible loss of data
C:\DEV\vcpkg\installed\x64-windows\include\crow\mustache.h(97,1): warning C4267: 'initializing': conversion from 'size_t' to 'int', possible loss of data
C:\DEV\vcpkg\installed\x64-windows\include\crow\mustache.h(116,1): warning C4267: '=': conversion from 'size_t' to 'int', possible loss of data
C:\DEV\vcpkg\installed\x64-windows\include\crow\mustache.h(118,1): warning C4267: 'argument': conversion from 'size_t' to '_Ty', possible loss of data
          with
          [
              _Ty=int
          ]
C:\DEV\vcpkg\installed\x64-windows\include\crow\mustache.h(221,1): warning C4267: 'argument': conversion from 'size_t' to 'int', possible loss of data
C:\DEV\vcpkg\installed\x64-windows\include\crow\mustache.h(367,1): warning C4267: 'argument': conversion from 'size_t' to 'int', possible loss of data
C:\DEV\vcpkg\installed\x64-windows\include\crow\mustache.h(378,1): warning C4267: 'argument': conversion from 'size_t' to 'int', possible loss of data
C:\DEV\vcpkg\installed\x64-windows\include\crow\mustache.h(390,1): warning C4267: 'argument': conversion from 'size_t' to 'int', possible loss of data
C:\DEV\vcpkg\installed\x64-windows\include\crow\mustache.h(401,1): warning C4267: 'argument': conversion from 'size_t' to 'int', possible loss of data
C:\DEV\vcpkg\installed\x64-windows\include\crow\mustache.h(463,1): warning C4267: '=': conversion from 'size_t' to 'int', possible loss of data
C:\DEV\vcpkg\installed\x64-windows\include\crow\mustache.h(563,1): warning C4267: 'initializing': conversion from 'size_t' to 'int', possible loss of data
C:\DEV\vcpkg\installed\x64-windows\include\crow\routing.h(864,1): warning C4267: 'argument': conversion from 'size_t' to 'unsigned int', possible loss of data
C:\DEV\vcpkg\installed\x64-windows\include\crow\routing.h(880,1): warning C4267: 'argument': conversion from 'size_t' to 'unsigned int', possible loss of data
C:\DEV\vcpkg\installed\x64-windows\include\crow\routing.h(895,1): warning C4267: 'argument': conversion from 'size_t' to 'unsigned int', possible loss of data
C:\DEV\vcpkg\installed\x64-windows\include\crow\routing.h(945,1): warning C4267: '+=': conversion from 'size_t' to 'unsigned int', possible loss of data
C:\DEV\vcpkg\installed\x64-windows\include\crow\routing.h(956,1): warning C4267: '+=': conversion from 'size_t' to 'unsigned int', possible loss of data
C:\DEV\vcpkg\installed\x64-windows\include\crow\routing.h(1002,1): warning C4267: '+=': conversion from 'size_t' to 'unsigned int', possible loss of data
C:\DEV\vcpkg\installed\x64-windows\include\crow\routing.h(1005,1): warning C4267: '+=': conversion from 'size_t' to 'unsigned int', possible loss of data
C:\DEV\vcpkg\installed\x64-windows\include\crow\routing.h(1204,1): warning C4267: 'argument': conversion from 'size_t' to 'unsigned int', possible loss of data
C:\DEV\vcpkg\installed\x64-windows\include\crow\routing.h(1204,1): warning C4267: 'argument': conversion from 'size_t' to 'uint16_t', possible loss of data
C:\DEV\vcpkg\installed\x64-windows\include\crow\routing.h(1210,1): warning C4267: 'argument': conversion from 'size_t' to 'unsigned int', possible loss of data
C:\DEV\vcpkg\installed\x64-windows\include\crow\routing.h(1259,1): warning C4267: 'argument': conversion from 'size_t' to 'unsigned int', possible loss of data
C:\DEV\vcpkg\installed\x64-windows\include\crow\routing.h(1420,1): warning C4267: 'initializing': conversion from 'size_t' to 'int', possible loss of data
C:\Users\Magda\Desktop\sem1\Proiect\TriviadorGame\TriviadorGame\Game.cpp(47,41): warning C4267: 'argument': conversion from 'size_t' to 'uint8_t', possible loss of data
C:\Users\Magda\Desktop\sem1\Proiect\TriviadorGame\TriviadorGame\Game.cpp(50,34): warning C4267: 'argument': conversion from 'size_t' to 'uint8_t', possible loss of data
  main.cpp
C:\DEV\vcpkg\installed\x64-windows\include\crow\query_string.h(117,37): warning C4267: '=': conversion from 'size_t' to 'int', possible loss of data
C:\DEV\vcpkg\installed\x64-windows\include\crow\query_string.h(370,1): warning C4267: 'argument': conversion from 'size_t' to 'int', possible loss of data
C:\DEV\vcpkg\installed\x64-windows\include\crow\query_string.h(406,1): warning C4267: 'argument': conversion from 'size_t' to 'int', possible loss of data
C:\DEV\vcpkg\installed\x64-windows\include\crow\query_string.h(445,1): warning C4267: 'argument': conversion from 'size_t' to 'int', possible loss of data
C:\DEV\vcpkg\installed\x64-windows\include\crow\utility.h(672,1): warning C4267: 'initializing': conversion from 'size_t' to 'unsigned int', possible loss of data
C:\DEV\vcpkg\installed\x64-windows\include\crow\http_parser_merged.h(589,32): warning C4244: '=': conversion from '__int64' to 'unsigned long', possible loss of data
C:\DEV\vcpkg\installed\x64-windows\include\crow\http_parser_merged.h(609,32): warning C4244: '=': conversion from '__int64' to 'unsigned long', possible loss of data
  Please define _WIN32_WINNT or _WIN32_WINDOWS appropriately. For example:
  - add -D_WIN32_WINNT=0x0601 to the compiler command line; or
  - add _WIN32_WINNT=0x0601 to your project's Preprocessor Definitions.
  Assuming _WIN32_WINNT=0x0601 (i.e. Windows 7 target).
C:\DEV\vcpkg\installed\x64-windows\include\crow\json.h(1211,39): warning C4267: 'argument': conversion from 'size_t' to 'uint32_t', possible loss of data
C:\DEV\vcpkg\installed\x64-windows\include\crow\json.h(1671,1): warning C4267: 'return': conversion from 'size_t' to 'int', possible loss of data
C:\DEV\vcpkg\installed\x64-windows\include\crow\mustache.h(97,1): warning C4267: 'initializing': conversion from 'size_t' to 'int', possible loss of data
C:\DEV\vcpkg\installed\x64-windows\include\crow\mustache.h(116,1): warning C4267: '=': conversion from 'size_t' to 'int', possible loss of data
C:\DEV\vcpkg\installed\x64-windows\include\crow\mustache.h(118,1): warning C4267: 'argument': conversion from 'size_t' to '_Ty', possible loss of data
          with
          [
              _Ty=int
          ]
C:\DEV\vcpkg\installed\x64-windows\include\crow\mustache.h(221,1): warning C4267: 'argument': conversion from 'size_t' to 'int', possible loss of data
C:\DEV\vcpkg\installed\x64-windows\include\crow\mustache.h(367,1): warning C4267: 'argument': conversion from 'size_t' to 'int', possible loss of data
C:\DEV\vcpkg\installed\x64-windows\include\crow\mustache.h(378,1): warning C4267: 'argument': conversion from 'size_t' to 'int', possible loss of data
C:\DEV\vcpkg\installed\x64-windows\include\crow\mustache.h(390,1): warning C4267: 'argument': conversion from 'size_t' to 'int', possible loss of data
C:\DEV\vcpkg\installed\x64-windows\include\crow\mustache.h(401,1): warning C4267: 'argument': conversion from 'size_t' to 'int', possible loss of data
C:\DEV\vcpkg\installed\x64-windows\include\crow\mustache.h(463,1): warning C4267: '=': conversion from 'size_t' to 'int', possible loss of data
C:\DEV\vcpkg\installed\x64-windows\include\crow\mustache.h(563,1): warning C4267: 'initializing': conversion from 'size_t' to 'int', possible loss of data
C:\DEV\vcpkg\installed\x64-windows\include\crow\routing.h(864,1): warning C4267: 'argument': conversion from 'size_t' to 'unsigned int', possible loss of data
C:\DEV\vcpkg\installed\x64-windows\include\crow\routing.h(880,1): warning C4267: 'argument': conversion from 'size_t' to 'unsigned int', possible loss of data
C:\DEV\vcpkg\installed\x64-windows\include\crow\routing.h(895,1): warning C4267: 'argument': conversion from 'size_t' to 'unsigned int', possible loss of data
C:\DEV\vcpkg\installed\x64-windows\include\crow\routing.h(945,1): warning C4267: '+=': conversion from 'size_t' to 'unsigned int', possible loss of data
C:\DEV\vcpkg\installed\x64-windows\include\crow\routing.h(956,1): warning C4267: '+=': conversion from 'size_t' to 'unsigned int', possible loss of data
C:\DEV\vcpkg\installed\x64-windows\include\crow\routing.h(1002,1): warning C4267: '+=': conversion from 'size_t' to 'unsigned int', possible loss of data
C:\DEV\vcpkg\installed\x64-windows\include\crow\routing.h(1005,1): warning C4267: '+=': conversion from 'size_t' to 'unsigned int', possible loss of data
C:\DEV\vcpkg\installed\x64-windows\include\crow\routing.h(1204,1): warning C4267: 'argument': conversion from 'size_t' to 'unsigned int', possible loss of data
C:\DEV\vcpkg\installed\x64-windows\include\crow\routing.h(1204,1): warning C4267: 'argument': conversion from 'size_t' to 'uint16_t', possible loss of data
C:\DEV\vcpkg\installed\x64-windows\include\crow\routing.h(1210,1): warning C4267: 'argument': conversion from 'size_t' to 'unsigned int', possible loss of data
C:\DEV\vcpkg\installed\x64-windows\include\crow\routing.h(1259,1): warning C4267: 'argument': conversion from 'size_t' to 'unsigned int', possible loss of data
C:\DEV\vcpkg\installed\x64-windows\include\crow\routing.h(1420,1): warning C4267: 'initializing': conversion from 'size_t' to 'int', possible loss of data
C:\Users\Magda\Desktop\sem1\Proiect\TriviadorGame\ExecutionTime\ExecutionTime.h(25,49): warning C4251: 'ExecutionTime::m_startTime': class 'std::chrono::time_point<std::chrono::steady_clock,std::chrono::nanoseconds>' needs to have dll-interface to be used by clients of class 'ExecutionTime'
D:\visual studio\comunity\VC\Tools\MSVC\14.29.30133\include\__msvc_chrono.hpp(666): message : see declaration of 'std::chrono::time_point<std::chrono::steady_clock,std::chrono::nanoseconds>'
C:\Users\Magda\Desktop\sem1\Proiect\TriviadorGame\ExecutionTime\ExecutionTime.h(26,83): warning C4251: 'ExecutionTime::m_stopTimes': class 'std::vector<std::pair<uint8_t,std::chrono::steady_clock::time_point>,std::allocator<std::pair<uint8_t,std::chrono::steady_clock::time_point>>>' needs to have dll-interface to be used by clients of class 'ExecutionTime'
C:\Users\Magda\Desktop\sem1\Proiect\TriviadorGame\ExecutionTime\ExecutionTime.h(26): message : see declaration of 'std::vector<std::pair<uint8_t,std::chrono::steady_clock::time_point>,std::allocator<std::pair<uint8_t,std::chrono::steady_clock::time_point>>>'
C:\DEV\vcpkg\installed\x64-windows\include\crow\http_connection.h(464,1): warning C4267: 'argument': conversion from 'size_t' to 'int', possible loss of data
C:\DEV\vcpkg\installed\x64-windows\include\crow\http_connection.h(464): message : while compiling class template member function 'void crow::Connection<Adaptor,Handler>::do_read(void)'
          with
          [
              Adaptor=crow::SocketAdaptor,
              Handler=crow::Crow<>
          ]
C:\DEV\vcpkg\installed\x64-windows\include\crow\http_connection.h(88): message : see reference to function template instantiation 'void crow::Connection<Adaptor,Handler>::do_read(void)' being compiled
          with
          [
              Adaptor=crow::SocketAdaptor,
              Handler=crow::Crow<>
          ]
C:\DEV\vcpkg\installed\x64-windows\include\crow\http_server.h(195): message : see reference to class template instantiation 'crow::Connection<Adaptor,Handler>' being compiled
          with
          [
              Adaptor=crow::SocketAdaptor,
              Handler=crow::Crow<>
          ]
C:\DEV\vcpkg\installed\x64-windows\include\crow\http_server.h(195): message : while compiling class template member function 'void crow::Server<crow::Crow<>,crow::SocketAdaptor>::do_accept(void)'
C:\DEV\vcpkg\installed\x64-windows\include\crow\http_server.h(152): message : see reference to function template instantiation 'void crow::Server<crow::Crow<>,crow::SocketAdaptor>::do_accept(void)' being compiled
C:\DEV\vcpkg\installed\x64-windows\include\crow\app.h(301): message : see reference to class template instantiation 'crow::Server<crow::Crow<>,crow::SocketAdaptor>' being compiled
C:\DEV\vcpkg\installed\x64-windows\include\crow\app.h(280): message : while compiling class template member function 'void crow::Crow<>::run(void)'
C:\Users\Magda\Desktop\sem1\Proiect\TriviadorGame\TriviadorGame\main.cpp(45): message : see reference to function template instantiation 'void crow::Crow<>::run(void)' being compiled
C:\Users\Magda\Desktop\sem1\Proiect\TriviadorGame\TriviadorGame\Route.h(31): message : see reference to class template instantiation 'crow::Crow<>' being compiled
C:\DEV\vcpkg\installed\x64-windows\include\crow\parser.h(118,1): warning C4267: 'initializing': conversion from 'size_t' to 'int', possible loss of data
C:\DEV\vcpkg\installed\x64-windows\include\crow\parser.h(104): message : while compiling class template member function 'bool crow::HTTPParser<crow::Connection<Adaptor,Handler>>::feed(const char *,int)'
          with
          [
              Adaptor=crow::SocketAdaptor,
              Handler=crow::Crow<>
          ]
C:\DEV\vcpkg\installed\x64-windows\include\crow\http_connection.h(473): message : see reference to function template instantiation 'bool crow::HTTPParser<crow::Connection<Adaptor,Handler>>::feed(const char *,int)' being compiled
          with
          [
              Adaptor=crow::SocketAdaptor,
              Handler=crow::Crow<>
          ]
C:\DEV\vcpkg\installed\x64-windows\include\crow\http_connection.h(596): message : see reference to class template instantiation 'crow::HTTPParser<crow::Connection<Adaptor,Handler>>' being compiled
          with
          [
              Adaptor=crow::SocketAdaptor,
              Handler=crow::Crow<>
          ]
  Map.cpp
  Player.cpp
  Question.cpp
  QuestionManager.cpp
  Region.cpp
  Route.cpp
C:\DEV\vcpkg\installed\x64-windows\include\crow\query_string.h(117,37): warning C4267: '=': conversion from 'size_t' to 'int', possible loss of data
C:\DEV\vcpkg\installed\x64-windows\include\crow\query_string.h(370,1): warning C4267: 'argument': conversion from 'size_t' to 'int', possible loss of data
C:\DEV\vcpkg\installed\x64-windows\include\crow\query_string.h(406,1): warning C4267: 'argument': conversion from 'size_t' to 'int', possible loss of data
C:\DEV\vcpkg\installed\x64-windows\include\crow\query_string.h(445,1): warning C4267: 'argument': conversion from 'size_t' to 'int', possible loss of data
C:\DEV\vcpkg\installed\x64-windows\include\crow\utility.h(672,1): warning C4267: 'initializing': conversion from 'size_t' to 'unsigned int', possible loss of data
C:\DEV\vcpkg\installed\x64-windows\include\crow\http_parser_merged.h(589,32): warning C4244: '=': conversion from '__int64' to 'unsigned long', possible loss of data
C:\DEV\vcpkg\installed\x64-windows\include\crow\http_parser_merged.h(609,32): warning C4244: '=': conversion from '__int64' to 'unsigned long', possible loss of data
  Please define _WIN32_WINNT or _WIN32_WINDOWS appropriately. For example:
  - add -D_WIN32_WINNT=0x0601 to the compiler command line; or
  - add _WIN32_WINNT=0x0601 to your project's Preprocessor Definitions.
  Assuming _WIN32_WINNT=0x0601 (i.e. Windows 7 target).
C:\DEV\vcpkg\installed\x64-windows\include\crow\json.h(1211,39): warning C4267: 'argument': conversion from 'size_t' to 'uint32_t', possible loss of data
C:\DEV\vcpkg\installed\x64-windows\include\crow\json.h(1671,1): warning C4267: 'return': conversion from 'size_t' to 'int', possible loss of data
C:\DEV\vcpkg\installed\x64-windows\include\crow\mustache.h(97,1): warning C4267: 'initializing': conversion from 'size_t' to 'int', possible loss of data
C:\DEV\vcpkg\installed\x64-windows\include\crow\mustache.h(116,1): warning C4267: '=': conversion from 'size_t' to 'int', possible loss of data
C:\DEV\vcpkg\installed\x64-windows\include\crow\mustache.h(118,1): warning C4267: 'argument': conversion from 'size_t' to '_Ty', possible loss of data
          with
          [
              _Ty=int
          ]
C:\DEV\vcpkg\installed\x64-windows\include\crow\mustache.h(221,1): warning C4267: 'argument': conversion from 'size_t' to 'int', possible loss of data
C:\DEV\vcpkg\installed\x64-windows\include\crow\mustache.h(367,1): warning C4267: 'argument': conversion from 'size_t' to 'int', possible loss of data
C:\DEV\vcpkg\installed\x64-windows\include\crow\mustache.h(378,1): warning C4267: 'argument': conversion from 'size_t' to 'int', possible loss of data
C:\DEV\vcpkg\installed\x64-windows\include\crow\mustache.h(390,1): warning C4267: 'argument': conversion from 'size_t' to 'int', possible loss of data
C:\DEV\vcpkg\installed\x64-windows\include\crow\mustache.h(401,1): warning C4267: 'argument': conversion from 'size_t' to 'int', possible loss of data
C:\DEV\vcpkg\installed\x64-windows\include\crow\mustache.h(463,1): warning C4267: '=': conversion from 'size_t' to 'int', possible loss of data
C:\DEV\vcpkg\installed\x64-windows\include\crow\mustache.h(563,1): warning C4267: 'initializing': conversion from 'size_t' to 'int', possible loss of data
C:\DEV\vcpkg\installed\x64-windows\include\crow\routing.h(864,1): warning C4267: 'argument': conversion from 'size_t' to 'unsigned int', possible loss of data
C:\DEV\vcpkg\installed\x64-windows\include\crow\routing.h(880,1): warning C4267: 'argument': conversion from 'size_t' to 'unsigned int', possible loss of data
C:\DEV\vcpkg\installed\x64-windows\include\crow\routing.h(895,1): warning C4267: 'argument': conversion from 'size_t' to 'unsigned int', possible loss of data
C:\DEV\vcpkg\installed\x64-windows\include\crow\routing.h(945,1): warning C4267: '+=': conversion from 'size_t' to 'unsigned int', possible loss of data
C:\DEV\vcpkg\installed\x64-windows\include\crow\routing.h(956,1): warning C4267: '+=': conversion from 'size_t' to 'unsigned int', possible loss of data
C:\DEV\vcpkg\installed\x64-windows\include\crow\routing.h(1002,1): warning C4267: '+=': conversion from 'size_t' to 'unsigned int', possible loss of data
C:\DEV\vcpkg\installed\x64-windows\include\crow\routing.h(1005,1): warning C4267: '+=': conversion from 'size_t' to 'unsigned int', possible loss of data
C:\DEV\vcpkg\installed\x64-windows\include\crow\routing.h(1204,1): warning C4267: 'argument': conversion from 'size_t' to 'unsigned int', possible loss of data
C:\DEV\vcpkg\installed\x64-windows\include\crow\routing.h(1204,1): warning C4267: 'argument': conversion from 'size_t' to 'uint16_t', possible loss of data
C:\DEV\vcpkg\installed\x64-windows\include\crow\routing.h(1210,1): warning C4267: 'argument': conversion from 'size_t' to 'unsigned int', possible loss of data
C:\DEV\vcpkg\installed\x64-windows\include\crow\routing.h(1259,1): warning C4267: 'argument': conversion from 'size_t' to 'unsigned int', possible loss of data
C:\DEV\vcpkg\installed\x64-windows\include\crow\routing.h(1420,1): warning C4267: 'initializing': conversion from 'size_t' to 'int', possible loss of data
C:\Users\Magda\Desktop\sem1\Proiect\TriviadorGame\ExecutionTime\ExecutionTime.h(25,49): warning C4251: 'ExecutionTime::m_startTime': class 'std::chrono::time_point<std::chrono::steady_clock,std::chrono::nanoseconds>' needs to have dll-interface to be used by clients of class 'ExecutionTime'
D:\visual studio\comunity\VC\Tools\MSVC\14.29.30133\include\__msvc_chrono.hpp(666): message : see declaration of 'std::chrono::time_point<std::chrono::steady_clock,std::chrono::nanoseconds>'
C:\Users\Magda\Desktop\sem1\Proiect\TriviadorGame\ExecutionTime\ExecutionTime.h(26,83): warning C4251: 'ExecutionTime::m_stopTimes': class 'std::vector<std::pair<uint8_t,std::chrono::steady_clock::time_point>,std::allocator<std::pair<uint8_t,std::chrono::steady_clock::time_point>>>' needs to have dll-interface to be used by clients of class 'ExecutionTime'
C:\Users\Magda\Desktop\sem1\Proiect\TriviadorGame\ExecutionTime\ExecutionTime.h(26): message : see declaration of 'std::vector<std::pair<uint8_t,std::chrono::steady_clock::time_point>,std::allocator<std::pair<uint8_t,std::chrono::steady_clock::time_point>>>'
  Generating Code...
C:\Users\Magda\Desktop\sem1\Proiect\TriviadorGame\TriviadorGame\Route.cpp(609): warning C4715: '<lambda_130c80f588815c45e442574f14b04d97>::operator()': not all control paths return a value
C:\Users\Magda\Desktop\sem1\Proiect\TriviadorGame\TriviadorGame\Player.cpp(39): warning C4715: 'Player::SelectColor': not all control paths return a value
C:\Users\Magda\Desktop\sem1\Proiect\TriviadorGame\TriviadorGame\Player.cpp(72): warning C4715: 'Player::MoveRegion': not all control paths return a value
C:\Users\Magda\Desktop\sem1\Proiect\TriviadorGame\TriviadorGame\Database.cpp(35): warning C4715: 'Database::GetUserIdforPlayer': not all control paths return a value
C:\Users\Magda\Desktop\sem1\Proiect\TriviadorGame\TriviadorGame\Database.cpp(70): warning C4715: 'Database::GenerateRandomQuestion': not all control paths return a value
  TriviadorGame.vcxproj -> C:\Users\Magda\Desktop\sem1\Proiect\TriviadorGame\x64\Debug\TriviadorGame.exe
