d:\proiect\triviadorgame\triviadorgame\x64\debug\vc142.pdb
d:\proiect\triviadorgame\triviadorgame\x64\debug\vc142.idb
d:\proiect\triviadorgame\triviadorgame\x64\debug\route.obj
d:\proiect\triviadorgame\triviadorgame\x64\debug\region.obj
d:\proiect\triviadorgame\triviadorgame\x64\debug\questionmanager.obj
d:\proiect\triviadorgame\triviadorgame\x64\debug\question.obj
d:\proiect\triviadorgame\triviadorgame\x64\debug\player.obj
d:\proiect\triviadorgame\triviadorgame\x64\debug\map.obj
d:\proiect\triviadorgame\triviadorgame\x64\debug\main.obj
d:\proiect\triviadorgame\triviadorgame\x64\debug\game.obj
d:\proiect\triviadorgame\triviadorgame\x64\debug\database.obj
d:\proiect\triviadorgame\x64\debug\triviadorgame.exe
d:\proiect\triviadorgame\triviadorgame\x64\debug\triviadorgame.ilk
d:\proiect\triviadorgame\x64\debug\triviadorgame.pdb
d:\proiect\triviadorgame\x64\debug\sqlite3.dll
d:\proiect\triviadorgame\triviadorgame\x64\debug\triviadorgame.tlog\cl.command.1.tlog
d:\proiect\triviadorgame\triviadorgame\x64\debug\triviadorgame.tlog\cl.read.1.tlog
d:\proiect\triviadorgame\triviadorgame\x64\debug\triviadorgame.tlog\cl.write.1.tlog
d:\proiect\triviadorgame\triviadorgame\x64\debug\triviadorgame.tlog\link.command.1.tlog
d:\proiect\triviadorgame\triviadorgame\x64\debug\triviadorgame.tlog\link.read.1.tlog
d:\proiect\triviadorgame\triviadorgame\x64\debug\triviadorgame.tlog\link.write.1.tlog
d:\proiect\triviadorgame\triviadorgame\x64\debug\triviadorgame.tlog\triviadorgame.write.1u.tlog
